<?xml version="1.0" encoding="UTF-8"?>
<!-- Generated by org.testng.reporters.JUnitReportReporter -->
<testsuite hostname="DESKTOP-N60QB27" failures="0" tests="1" name="tests.LoginTest" time="19.526" errors="0" timestamp="2023-01-03T16:12:52 IST" skipped="0">
  <testcase classname="tests.LoginTest" name="login" time="19.526"/>
</testsuite> <!-- tests.LoginTest -->
