<?xml version="1.0" encoding="UTF-8"?>
<!-- Generated by org.testng.reporters.JUnitReportReporter -->
<testsuite hostname="DESKTOP-N60QB27" failures="0" tests="1" name="tests.LoginTest2" time="11.048" errors="0" timestamp="2023-01-04T15:09:35 IST" skipped="0">
  <testcase classname="tests.LoginTest2" name="login" time="11.048"/>
</testsuite> <!-- tests.LoginTest2 -->
